2025-12-16 14:09:57 | INFO | strategy.AllWeather.v3 | 已加载宏观因子(Level/Change): data/all_macro_factors.csv
2025-12-16 14:09:57 | INFO | framework.data | 按资产类别载入完成 | 类别数=5
2025-12-16 14:10:02 | INFO | strategy.AllWeather.v3 | All Weather v3 运行完成，主要指标：
2025-12-16 14:10:02 | INFO | strategy.AllWeather.v3 |   CAGR (年化复合收益): 4.02%
2025-12-16 14:10:02 | INFO | strategy.AllWeather.v3 |   Annual Volatility (年化波动率): 7.72%
2025-12-16 14:10:02 | INFO | strategy.AllWeather.v3 |   Sharpe Ratio (夏普比率): 0.2905
2025-12-16 14:10:02 | INFO | strategy.AllWeather.v3 |   Calmar Ratio (Calmar比率): 0.3066
2025-12-16 14:10:02 | INFO | strategy.AllWeather.v3 |   Sortino Ratio (索提诺比率): 0.3795
2025-12-16 14:10:02 | INFO | strategy.AllWeather.v3 |   Max Drawdown (最大回撤): -13.13%
2025-12-16 14:10:02 | INFO | strategy.AllWeather.v3 |   Max Drawdown Start (最大回撤开始日): 2016-11-28
2025-12-16 14:10:02 | INFO | strategy.AllWeather.v3 |   Max Drawdown End (最大回撤结束日): 2019-01-03
2025-12-16 14:10:02 | INFO | strategy.AllWeather.v3 |   Annual Return 2015 (年度收益率): 2.63%
2025-12-16 14:10:02 | INFO | strategy.AllWeather.v3 |   Annual Return 2016 (年度收益率): 7.14%
2025-12-16 14:10:02 | INFO | strategy.AllWeather.v3 |   Annual Return 2017 (年度收益率): 0.82%
2025-12-16 14:10:02 | INFO | strategy.AllWeather.v3 |   Annual Return 2018 (年度收益率): -9.35%
2025-12-16 14:10:02 | INFO | strategy.AllWeather.v3 |   Annual Return 2019 (年度收益率): 16.31%
2025-12-16 14:10:02 | INFO | strategy.AllWeather.v3 |   Annual Return 2020 (年度收益率): 11.39%
2025-12-16 14:10:02 | INFO | strategy.AllWeather.v3 |   Annual Return 2021 (年度收益率): 6.56%
2025-12-16 14:10:02 | INFO | strategy.AllWeather.v3 |   Annual Return 2022 (年度收益率): -3.03%
2025-12-16 14:10:02 | INFO | strategy.AllWeather.v3 |   Annual Return 2023 (年度收益率): -0.45%
2025-12-16 14:10:02 | INFO | strategy.AllWeather.v3 |   Annual Return 2024 (年度收益率): 3.00%
2025-12-16 14:10:02 | INFO | strategy.AllWeather.v3 |   Annual Return 2025 (年度收益率): 6.97%
2025-12-16 14:10:02 | INFO | strategy.AllWeather.v3 |   Rebalance Win Rate (换仓胜率): 54.55%
2025-12-16 14:10:02 | INFO | strategy.AllWeather.v3 |   Rebalance Odds (盈亏比): 1.3219
