2025-12-16 12:33:15 | INFO | strategy.AllWeather.v4 | 已加载宏观因子(Level/Change): data/all_macro_factors.csv
2025-12-16 12:33:15 | INFO | framework.data | 按资产类别载入完成 | 类别数=5
2025-12-16 12:33:24 | INFO | strategy.AllWeather.v4 | All Weather v4 运行完成，主要指标：
2025-12-16 12:33:24 | INFO | strategy.AllWeather.v4 |   CAGR (年化复合收益): 5.45%
2025-12-16 12:33:24 | INFO | strategy.AllWeather.v4 |   Annual Volatility (年化波动率): 6.07%
2025-12-16 12:33:24 | INFO | strategy.AllWeather.v4 |   Sharpe Ratio (夏普比率): 0.5755
2025-12-16 12:33:24 | INFO | strategy.AllWeather.v4 |   Calmar Ratio (Calmar比率): 0.5678
2025-12-16 12:33:24 | INFO | strategy.AllWeather.v4 |   Sortino Ratio (索提诺比率): 0.7851
2025-12-16 12:33:24 | INFO | strategy.AllWeather.v4 |   Max Drawdown (最大回撤): -9.60%
2025-12-16 12:33:24 | INFO | strategy.AllWeather.v4 |   Max Drawdown Start (最大回撤开始日): 2016-11-28
2025-12-16 12:33:24 | INFO | strategy.AllWeather.v4 |   Max Drawdown End (最大回撤结束日): 2019-01-03
2025-12-16 12:33:24 | INFO | strategy.AllWeather.v4 |   Annual Return 2015 (年度收益率): 2.39%
2025-12-16 12:33:24 | INFO | strategy.AllWeather.v4 |   Annual Return 2016 (年度收益率): 9.55%
2025-12-16 12:33:24 | INFO | strategy.AllWeather.v4 |   Annual Return 2017 (年度收益率): 0.84%
2025-12-16 12:33:24 | INFO | strategy.AllWeather.v4 |   Annual Return 2018 (年度收益率): -6.27%
2025-12-16 12:33:24 | INFO | strategy.AllWeather.v4 |   Annual Return 2019 (年度收益率): 16.41%
2025-12-16 12:33:24 | INFO | strategy.AllWeather.v4 |   Annual Return 2020 (年度收益率): 9.74%
2025-12-16 12:33:24 | INFO | strategy.AllWeather.v4 |   Annual Return 2021 (年度收益率): 5.98%
2025-12-16 12:33:24 | INFO | strategy.AllWeather.v4 |   Annual Return 2022 (年度收益率): 2.70%
2025-12-16 12:33:24 | INFO | strategy.AllWeather.v4 |   Annual Return 2023 (年度收益率): 3.50%
2025-12-16 12:33:24 | INFO | strategy.AllWeather.v4 |   Annual Return 2024 (年度收益率): 5.42%
2025-12-16 12:33:24 | INFO | strategy.AllWeather.v4 |   Annual Return 2025 (年度收益率): 5.04%
2025-12-16 12:33:24 | INFO | strategy.AllWeather.v4 |   Rebalance Win Rate (换仓胜率): 61.98%
2025-12-16 12:33:24 | INFO | strategy.AllWeather.v4 |   Rebalance Odds (盈亏比): 1.3398
